\BOOKMARK [1][-]{section.1}{Introduction}{}% 1
\BOOKMARK [2][-]{subsection.1.1}{Relevant literature}{section.1}% 2
\BOOKMARK [1][-]{section.2}{Motivation and derivation of algorithm}{}% 3
\BOOKMARK [2][-]{subsection.2.1}{Infeasibility certificates}{section.2}% 4
\BOOKMARK [2][-]{subsection.2.2}{Stationary point of L constraint violation}{section.2}% 5
\BOOKMARK [2][-]{subsection.2.3}{Discussion of Watcher and Biegler's example}{section.2}% 6
\BOOKMARK [2][-]{subsection.2.4}{Derivation of method}{section.2}% 7
\BOOKMARK [2][-]{subsection.2.5}{Behavior of this algorithm on convex quadratic programs}{section.2}% 8
\BOOKMARK [1][-]{section.3}{Practical algorithm}{}% 9
\BOOKMARK [2][-]{subsection.3.1}{Updating the iterates}{section.3}% 10
\BOOKMARK [2][-]{subsection.3.2}{Aggressive search directions}{section.3}% 11
\BOOKMARK [2][-]{subsection.3.3}{Stablization search directions}{section.3}% 12
\BOOKMARK [1][-]{section.4}{Convergence proofs}{}% 13
\BOOKMARK [2][-]{subsection.4.1}{Trust region}{section.4}% 14
\BOOKMARK [2][-]{subsection.4.2}{Line searches}{section.4}% 15
\BOOKMARK [1][-]{section.5}{Scrap paper}{}% 16
\BOOKMARK [1][-]{section.6}{Proximal}{}% 17
\BOOKMARK [1][-]{section.7}{Log barrier sub-problems}{}% 18
\BOOKMARK [1][-]{section.8}{Algorithm}{}% 19
\BOOKMARK [1][-]{section.9}{Delta computation}{}% 20
